<?xml version="1.0" encoding="UTF-8"?>
<robot generator="Robot 7.0 (Python 3.9.5 on win32)" generated="2024-01-29T14:58:17.813237" rpa="false" schemaversion="5">
<suite id="s1" name="Test" source="e:\robot\add-product\test.robot">
<kw name="Open Browser" owner="SeleniumLibrary" type="SETUP">
<msg time="2024-01-29T14:58:18.054252" level="INFO">Opening browser 'chrome' to base url 'https://automationexercise.com/'.</msg>
<arg>https://automationexercise.com/</arg>
<arg>chrome</arg>
<doc>Opens a new browser instance to the optional ``url``.</doc>
<status status="PASS" start="2024-01-29T14:58:18.054252" elapsed="5.793805"/>
</kw>
<test id="s1-t1" name="Add Product In Cart" line="45">
<kw name="Page Should Contain" owner="SeleniumLibrary">
<msg time="2024-01-29T14:58:23.868726" level="INFO">Current page contains text 'AutomationExercise'.</msg>
<arg>AutomationExercise</arg>
<doc>Verifies that current page contains ``text``.</doc>
<status status="PASS" start="2024-01-29T14:58:23.849091" elapsed="0.019635"/>
</kw>
<kw name="Click Product Button">
<kw name="Click Element" owner="SeleniumLibrary">
<msg time="2024-01-29T14:58:23.871713" level="INFO">Clicking element '//*[@id="header"]/div/div/div/div[2]/div/ul/li[2]/a'.</msg>
<arg>${product_button}</arg>
<doc>Click the element identified by ``locator``.</doc>
<status status="PASS" start="2024-01-29T14:58:23.870707" elapsed="1.810705"/>
</kw>
<status status="PASS" start="2024-01-29T14:58:23.869710" elapsed="1.811702"/>
</kw>
<kw name="Hover Over First Product">
<kw name="Click Element" owner="SeleniumLibrary">
<msg time="2024-01-29T14:58:25.683321" level="INFO">Clicking element '/html/body/section[2]/div[1]/div/div[2]/div[1]/div[2]/div' with /html/body/section[2]/div[1]/div/div[2]/div[1]/div[2]/div.</msg>
<msg time="2024-01-29T14:58:25.802541" level="INFO" html="true">&lt;/td&gt;&lt;/tr&gt;&lt;tr&gt;&lt;td colspan="3"&gt;&lt;a href="selenium-screenshot-9.png"&gt;&lt;img src="selenium-screenshot-9.png" width="800px"&gt;&lt;/a&gt;</msg>
<msg time="2024-01-29T14:58:25.803539" level="FAIL">ValueError: '/HTML/BODY/SECTION[2]/DIV[1]/DIV/DIV[2]/DIV[1]/DIV[2]/DIV' modifier does not match to Selenium Keys</msg>
<arg>/html/body/section[2]/div[1]/div/div[2]/div[1]/div[2]/div</arg>
<arg>${first_product}</arg>
<doc>Click the element identified by ``locator``.</doc>
<status status="FAIL" start="2024-01-29T14:58:25.683321" elapsed="0.122212">ValueError: '/HTML/BODY/SECTION[2]/DIV[1]/DIV/DIV[2]/DIV[1]/DIV[2]/DIV' modifier does not match to Selenium Keys</status>
</kw>
<kw name="Mouse Over" owner="SeleniumLibrary">
<arg>${first_product}</arg>
<doc>Simulates hovering the mouse over the element ``locator``.</doc>
<status status="NOT RUN" start="2024-01-29T14:58:25.806530" elapsed="0.000000"/>
</kw>
<status status="FAIL" start="2024-01-29T14:58:25.682320" elapsed="0.125207">ValueError: '/HTML/BODY/SECTION[2]/DIV[1]/DIV/DIV[2]/DIV[1]/DIV[2]/DIV' modifier does not match to Selenium Keys</status>
</kw>
<kw name="Click Add to Cart">
<status status="NOT RUN" start="2024-01-29T14:58:25.807527" elapsed="0.000998"/>
</kw>
<kw name="Click Continue Shopping">
<status status="NOT RUN" start="2024-01-29T14:58:25.808525" elapsed="0.000997"/>
</kw>
<kw name="Hover Over Two Product">
<status status="NOT RUN" start="2024-01-29T14:58:25.809522" elapsed="0.000998"/>
</kw>
<kw name="Click Add to Cart">
<status status="NOT RUN" start="2024-01-29T14:58:25.811519" elapsed="0.000000"/>
</kw>
<kw name="Click View Cart Button">
<status status="NOT RUN" start="2024-01-29T14:58:25.812517" elapsed="0.000000"/>
</kw>
<status status="FAIL" start="2024-01-29T14:58:23.848057" elapsed="1.965455">ValueError: '/HTML/BODY/SECTION[2]/DIV[1]/DIV/DIV[2]/DIV[1]/DIV[2]/DIV' modifier does not match to Selenium Keys</status>
</test>
<doc>This is a sample test suite using Robot Framework</doc>
<status status="FAIL" start="2024-01-29T14:58:17.820202" elapsed="7.995305"/>
</suite>
<statistics>
<total>
<stat pass="0" fail="1" skip="0">All Tests</stat>
</total>
<tag>
</tag>
<suite>
<stat pass="0" fail="1" skip="0" id="s1" name="Test">Test</stat>
</suite>
</statistics>
<errors>
</errors>
</robot>
